<?xml version="1.0" encoding="UTF-8"?>
<!-- Generated by org.testng.reporters.JUnitXMLReporter -->
<testsuite ignored="0" hostname="DESKTOP-JEBEMV9" failures="0" tests="5" name="Test" time="0.143" errors="0" timestamp="2021-02-13T21:10:24 IST">
  <testcase classname="com.test.TestCases.TestCase1" name="Test1" time="0.008"/>
  <testcase classname="com.test.TestCases.TestCase1" name="Test2" time="0.002"/>
  <testcase classname="com.test.TestCases.TestCase2" name="Test1" time="0.001"/>
  <testcase classname="com.test.TestCases.TestCase2" name="Test2" time="0.007"/>
  <testcase classname="com.test.TestCases.TestCase2" name="Test3" time="0.001"/>
</testsuite> <!-- Test -->
